# JRE version: OpenJDK Runtime Environment (11.0.10) (build 11.0.10+0-b96-7249189)
# Java VM: OpenJDK 64-Bit Server VM (11.0.10+0-b96-7249189, mixed mode, tiered, compressed oops, g1 gc, windows-amd64)
Heap:
 garbage-first heap   total 163840K, used 85745K [0x0000000080000000, 0x0000000100000000)
  region size 1024K, 11 young (11264K), 4 survivors (4096K)
 Metaspace       used 84809K, capacity 86972K, committed 87040K, reserved 1124352K
  class space    used 10979K, capacity 11767K, committed 11776K, reserved 1048576K
GC Heap History (20 events):
Event: 18.183 GC heap before
{Heap before GC invocations=9 (full 0):
 garbage-first heap   total 163840K, used 102871K [0x0000000080000000, 0x0000000100000000)
  region size 1024K, 82 young (83968K), 9 survivors (9216K)
 Metaspace       used 46582K, capacity 47773K, committed 47872K, reserved 1091584K
  class space    used 5959K, capacity 6399K, committed 6400K, reserved 1048576K
}
Event: 18.196 GC heap after
{Heap after GC invocations=10 (full 0):
 garbage-first heap   total 163840K, used 30843K [0x0000000080000000, 0x0000000100000000)
  region size 1024K, 8 young (8192K), 8 survivors (8192K)
 Metaspace       used 46582K, capacity 47773K, committed 47872K, reserved 1091584K
  class space    used 5959K, capacity 6399K, committed 6400K, reserved 1048576K
}
Event: 22.059 GC heap before
{Heap before GC invocations=10 (full 0):
 garbage-first heap   total 163840K, used 125051K [0x0000000080000000, 0x0000000100000000)
  region size 1024K, 92 young (94208K), 8 survivors (8192K)
 Metaspace       used 53969K, capacity 55403K, committed 55552K, reserved 1097728K
  class space    used 6855K, capacity 7365K, committed 7424K, reserved 1048576K
}
Event: 22.082 GC heap after
{Heap after GC invocations=11 (full 0):
 garbage-first heap   total 163840K, used 49569K [0x0000000080000000, 0x0000000100000000)
  region size 1024K, 12 young (12288K), 12 survivors (12288K)
 Metaspace       used 53969K, capacity 55403K, committed 55552K, reserved 1097728K
  class space    used 6855K, capacity 7365K, committed 7424K, reserved 1048576K
}
Event: 23.629 GC heap before
{Heap before GC invocations=11 (full 0):
 garbage-first heap   total 163840K, used 79265K [0x0000000080000000, 0x0000000100000000)
  region size 1024K, 42 young (43008K), 12 survivors (12288K)
 Metaspace       used 58598K, capacity 60057K, committed 60160K, reserved 1101824K
  class space    used 7431K, capacity 7996K, committed 8064K, reserved 1048576K
}
Event: 23.656 GC heap after
{Heap after GC invocations=12 (full 0):
 garbage-first heap   total 163840K, used 53306K [0x0000000080000000, 0x0000000100000000)
  region size 1024K, 3 young (3072K), 3 survivors (3072K)
 Metaspace       used 58598K, capacity 60057K, committed 60160K, reserved 1101824K
  class space    used 7431K, capacity 7996K, committed 8064K, reserved 1048576K
}
Event: 25.689 GC heap before
{Heap before GC invocations=13 (full 0):
 garbage-first heap   total 163840K, used 107578K [0x0000000080000000, 0x0000000100000000)
  region size 1024K, 56 young (57344K), 3 survivors (3072K)
 Metaspace       used 64072K, capacity 65592K, committed 65792K, reserved 1105920K
  class space    used 8109K, capacity 8677K, committed 8704K, reserved 1048576K
}
Event: 25.700 GC heap after
{Heap after GC invocations=14 (full 0):
 garbage-first heap   total 163840K, used 56498K [0x0000000080000000, 0x0000000100000000)
  region size 1024K, 6 young (6144K), 6 survivors (6144K)
 Metaspace       used 64072K, capacity 65592K, committed 65792K, reserved 1105920K
  class space    used 8109K, capacity 8677K, committed 8704K, reserved 1048576K
}
Event: 26.991 GC heap before
{Heap before GC invocations=15 (full 0):
 garbage-first heap   total 163840K, used 111794K [0x0000000080000000, 0x0000000100000000)
  region size 1024K, 60 young (61440K), 6 survivors (6144K)
 Metaspace       used 66070K, capacity 67552K, committed 67840K, reserved 1107968K
  class space    used 8351K, capacity 8898K, committed 8960K, reserved 1048576K
}
Event: 27.002 GC heap after
{Heap after GC invocations=16 (full 0):
 garbage-first heap   total 163840K, used 59722K [0x0000000080000000, 0x0000000100000000)
  region size 1024K, 4 young (4096K), 4 survivors (4096K)
 Metaspace       used 66070K, capacity 67552K, committed 67840K, reserved 1107968K
  class space    used 8351K, capacity 8898K, committed 8960K, reserved 1048576K
}
Event: 28.693 GC heap before
{Heap before GC invocations=16 (full 0):
 garbage-first heap   total 163840K, used 116042K [0x0000000080000000, 0x0000000100000000)
  region size 1024K, 59 young (60416K), 4 survivors (4096K)
 Metaspace       used 69699K, capacity 71302K, committed 71552K, reserved 1112064K
  class space    used 8908K, capacity 9510K, committed 9600K, reserved 1048576K
}
Event: 28.704 GC heap after
{Heap after GC invocations=17 (full 0):
 garbage-first heap   total 163840K, used 64094K [0x0000000080000000, 0x0000000100000000)
  region size 1024K, 8 young (8192K), 8 survivors (8192K)
 Metaspace       used 69699K, capacity 71302K, committed 71552K, reserved 1112064K
  class space    used 8908K, capacity 9510K, committed 9600K, reserved 1048576K
}
Event: 31.715 GC heap before
{Heap before GC invocations=17 (full 0):
 garbage-first heap   total 163840K, used 120414K [0x0000000080000000, 0x0000000100000000)
  region size 1024K, 63 young (64512K), 8 survivors (8192K)
 Metaspace       used 75529K, capacity 77267K, committed 77568K, reserved 1116160K
  class space    used 9796K, capacity 10436K, committed 10496K, reserved 1048576K
}
Event: 31.730 GC heap after
{Heap after GC invocations=18 (full 0):
 garbage-first heap   total 163840K, used 67391K [0x0000000080000000, 0x0000000100000000)
  region size 1024K, 4 young (4096K), 4 survivors (4096K)
 Metaspace       used 75529K, capacity 77267K, committed 77568K, reserved 1116160K
  class space    used 9796K, capacity 10436K, committed 10496K, reserved 1048576K
}
Event: 35.469 GC heap before
{Heap before GC invocations=18 (full 0):
 garbage-first heap   total 163840K, used 123711K [0x0000000080000000, 0x0000000100000000)
  region size 1024K, 59 young (60416K), 4 survivors (4096K)
 Metaspace       used 80984K, capacity 82861K, committed 83200K, reserved 1122304K
  class space    used 10486K, capacity 11156K, committed 11264K, reserved 1048576K
}
Event: 35.479 GC heap after
{Heap after GC invocations=19 (full 0):
 garbage-first heap   total 163840K, used 70643K [0x0000000080000000, 0x0000000100000000)
  region size 1024K, 7 young (7168K), 7 survivors (7168K)
 Metaspace       used 80984K, capacity 82861K, committed 83200K, reserved 1122304K
  class space    used 10486K, capacity 11156K, committed 11264K, reserved 1048576K
}
Event: 39.792 GC heap before
{Heap before GC invocations=19 (full 0):
 garbage-first heap   total 163840K, used 126963K [0x0000000080000000, 0x0000000100000000)
  region size 1024K, 62 young (63488K), 7 survivors (7168K)
 Metaspace       used 84040K, capacity 86110K, committed 86272K, reserved 1124352K
  class space    used 10933K, capacity 11712K, committed 11776K, reserved 1048576K
}
Event: 39.814 GC heap after
{Heap after GC invocations=20 (full 0):
 garbage-first heap   total 163840K, used 75379K [0x0000000080000000, 0x0000000100000000)
  region size 1024K, 8 young (8192K), 8 survivors (8192K)
 Metaspace       used 84040K, capacity 86110K, committed 86272K, reserved 1124352K
  class space    used 10933K, capacity 11712K, committed 11776K, reserved 1048576K
}
Event: 46.999 GC heap before
{Heap before GC invocations=20 (full 0):
 garbage-first heap   total 163840K, used 128627K [0x0000000080000000, 0x0000000100000000)
  region size 1024K, 61 young (62464K), 8 survivors (8192K)
 Metaspace       used 84668K, capacity 86791K, committed 87040K, reserved 1124352K
  class space    used 10957K, capacity 11728K, committed 11776K, reserved 1048576K
}
Event: 47.020 GC heap after
{Heap after GC invocations=21 (full 0):
 garbage-first heap   total 163840K, used 79601K [0x0000000080000000, 0x0000000100000000)
  region size 1024K, 4 young (4096K), 4 survivors (4096K)
 Metaspace       used 84668K, capacity 86791K, committed 87040K, reserved 1124352K
  class space    used 10957K, capacity 11728K, committed 11776K, reserved 1048576K
}

